Build started 26/05/2015 11:02:13.
     1>Project "C:\Users\Sulaiman\Documents\Documents\FAST - ITC & ITC Lab\bslayer-Visual-Studio-2013\hw0-windows\hw0-windows.vcxproj" on node 2 (Build target(s)).
     1>ClCompile:
         C:\Program Files (x86)\Microsoft Visual Studio 12.0\VC\bin\CL.exe /c /Zi /nologo /W3 /WX- /O2 /Oi /Oy- /GL /D _MBCS /Gm- /EHsc /MD /GS /Gy /fp:precise /Zc:wchar_t /Zc:forScope /Fo"Release\\" /Fd"Release\vc120.pdb" /Gd /TP /analyze- /errorReport:prompt ..\..\..\..\..\Desktop\uploaded\release\TETRIS.cpp ..\..\..\..\..\Desktop\uploaded\release\util.cpp
         TETRIS.cpp
     1>C:\Program Files (x86)\Windows Kits\8.1\Include\um\GL/gl.h(1157): error C2144: syntax error : 'void' should be preceded by ';'
     1>C:\Program Files (x86)\Windows Kits\8.1\Include\um\GL/gl.h(1157): error C4430: missing type specifier - int assumed. Note: C++ does not support default-int
     1>C:\Program Files (x86)\Windows Kits\8.1\Include\um\GL/gl.h(1157): error C2146: syntax error : missing ';' before identifier 'glAccum'
     1>C:\Program Files (x86)\Windows Kits\8.1\Include\um\GL/gl.h(1157): error C2182: 'APIENTRY' : illegal use of type 'void'
     1>C:\Program Files (x86)\Windows Kits\8.1\Include\um\GL/gl.h(1158): error C2144: syntax error : 'void' should be preceded by ';'
     1>C:\Program Files (x86)\Windows Kits\8.1\Include\um\GL/gl.h(1158): error C4430: missing type specifier - int assumed. Note: C++ does not support default-int
     1>C:\Program Files (x86)\Windows Kits\8.1\Include\um\GL/gl.h(1158): error C2086: 'int WINGDIAPI' : redefinition
                 C:\Program Files (x86)\Windows Kits\8.1\Include\um\GL/gl.h(1157) : see declaration of 'WINGDIAPI'
     1>C:\Program Files (x86)\Windows Kits\8.1\Include\um\GL/gl.h(1158): error C2146: syntax error : missing ';' before identifier 'glAlphaFunc'
     1>C:\Program Files (x86)\Windows Kits\8.1\Include\um\GL/gl.h(1158): error C2182: 'APIENTRY' : illegal use of type 'void'
     1>C:\Program Files (x86)\Windows Kits\8.1\Include\um\GL/gl.h(1158): error C2086: 'int APIENTRY' : redefinition
                 C:\Program Files (x86)\Windows Kits\8.1\Include\um\GL/gl.h(1157) : see declaration of 'APIENTRY'
     1>C:\Program Files (x86)\Windows Kits\8.1\Include\um\GL/gl.h(1159): error C2146: syntax error : missing ';' before identifier 'GLboolean'
     1>C:\Program Files (x86)\Windows Kits\8.1\Include\um\GL/gl.h(1159): error C4430: missing type specifier - int assumed. Note: C++ does not support default-int
     1>C:\Program Files (x86)\Windows Kits\8.1\Include\um\GL/gl.h(1159): error C2086: 'int WINGDIAPI' : redefinition
                 C:\Program Files (x86)\Windows Kits\8.1\Include\um\GL/gl.h(1157) : see declaration of 'WINGDIAPI'
     1>C:\Program Files (x86)\Windows Kits\8.1\Include\um\GL/gl.h(1159): error C2146: syntax error : missing ';' before identifier 'glAreTexturesResident'
     1>C:\Program Files (x86)\Windows Kits\8.1\Include\um\GL/gl.h(1159): error C2371: 'APIENTRY' : redefinition; different basic types
                 C:\Program Files (x86)\Windows Kits\8.1\Include\um\GL/gl.h(1157) : see declaration of 'APIENTRY'
     1>C:\Program Files (x86)\Windows Kits\8.1\Include\um\GL/gl.h(1160): error C2144: syntax error : 'void' should be preceded by ';'
     1>C:\Program Files (x86)\Windows Kits\8.1\Include\um\GL/gl.h(1160): error C4430: missing type specifier - int assumed. Note: C++ does not support default-int
     1>C:\Program Files (x86)\Windows Kits\8.1\Include\um\GL/gl.h(1160): error C2086: 'int WINGDIAPI' : redefinition
                 C:\Program Files (x86)\Windows Kits\8.1\Include\um\GL/gl.h(1157) : see declaration of 'WINGDIAPI'
     1>C:\Program Files (x86)\Windows Kits\8.1\Include\um\GL/gl.h(1160): error C2146: syntax error : missing ';' before identifier 'glArrayElement'
     1>C:\Program Files (x86)\Windows Kits\8.1\Include\um\GL/gl.h(1160): error C2182: 'APIENTRY' : illegal use of type 'void'
     1>C:\Program Files (x86)\Windows Kits\8.1\Include\um\GL/gl.h(1160): error C2086: 'int APIENTRY' : redefinition
                 C:\Program Files (x86)\Windows Kits\8.1\Include\um\GL/gl.h(1157) : see declaration of 'APIENTRY'
     1>C:\Program Files (x86)\Windows Kits\8.1\Include\um\GL/gl.h(1161): error C2144: syntax error : 'void' should be preceded by ';'
     1>C:\Program Files (x86)\Windows Kits\8.1\Include\um\GL/gl.h(1161): error C4430: missing type specifier - int assumed. Note: C++ does not support default-int
     1>C:\Program Files (x86)\Windows Kits\8.1\Include\um\GL/gl.h(1161): error C2086: 'int WINGDIAPI' : redefinition
                 C:\Program Files (x86)\Windows Kits\8.1\Include\um\GL/gl.h(1157) : see declaration of 'WINGDIAPI'
     1>C:\Program Files (x86)\Windows Kits\8.1\Include\um\GL/gl.h(1161): error C2146: syntax error : missing ';' before identifier 'glBegin'
     1>C:\Program Files (x86)\Windows Kits\8.1\Include\um\GL/gl.h(1161): error C2182: 'APIENTRY' : illegal use of type 'void'
     1>C:\Program Files (x86)\Windows Kits\8.1\Include\um\GL/gl.h(1161): error C2086: 'int APIENTRY' : redefinition
                 C:\Program Files (x86)\Windows Kits\8.1\Include\um\GL/gl.h(1157) : see declaration of 'APIENTRY'
     1>C:\Program Files (x86)\Windows Kits\8.1\Include\um\GL/gl.h(1162): error C2144: syntax error : 'void' should be preceded by ';'
     1>C:\Program Files (x86)\Windows Kits\8.1\Include\um\GL/gl.h(1162): error C4430: missing type specifier - int assumed. Note: C++ does not support default-int
     1>C:\Program Files (x86)\Windows Kits\8.1\Include\um\GL/gl.h(1162): error C2086: 'int WINGDIAPI' : redefinition
                 C:\Program Files (x86)\Windows Kits\8.1\Include\um\GL/gl.h(1157) : see declaration of 'WINGDIAPI'
     1>C:\Program Files (x86)\Windows Kits\8.1\Include\um\GL/gl.h(1162): error C2146: syntax error : missing ';' before identifier 'glBindTexture'
     1>C:\Program Files (x86)\Windows Kits\8.1\Include\um\GL/gl.h(1162): error C2182: 'APIENTRY' : illegal use of type 'void'
     1>C:\Program Files (x86)\Windows Kits\8.1\Include\um\GL/gl.h(1162): error C2086: 'int APIENTRY' : redefinition
                 C:\Program Files (x86)\Windows Kits\8.1\Include\um\GL/gl.h(1157) : see declaration of 'APIENTRY'
     1>C:\Program Files (x86)\Windows Kits\8.1\Include\um\GL/gl.h(1163): error C2144: syntax error : 'void' should be preceded by ';'
     1>C:\Program Files (x86)\Windows Kits\8.1\Include\um\GL/gl.h(1163): error C4430: missing type specifier - int assumed. Note: C++ does not support default-int
     1>C:\Program Files (x86)\Windows Kits\8.1\Include\um\GL/gl.h(1163): error C2086: 'int WINGDIAPI' : redefinition
                 C:\Program Files (x86)\Windows Kits\8.1\Include\um\GL/gl.h(1157) : see declaration of 'WINGDIAPI'
     1>C:\Program Files (x86)\Windows Kits\8.1\Include\um\GL/gl.h(1163): error C2146: syntax error : missing ';' before identifier 'glBitmap'
     1>C:\Program Files (x86)\Windows Kits\8.1\Include\um\GL/gl.h(1163): error C2182: 'APIENTRY' : illegal use of type 'void'
     1>C:\Program Files (x86)\Windows Kits\8.1\Include\um\GL/gl.h(1163): error C2086: 'int APIENTRY' : redefinition
                 C:\Program Files (x86)\Windows Kits\8.1\Include\um\GL/gl.h(1157) : see declaration of 'APIENTRY'
     1>C:\Program Files (x86)\Windows Kits\8.1\Include\um\GL/gl.h(1164): error C2144: syntax error : 'void' should be preceded by ';'
     1>C:\Program Files (x86)\Windows Kits\8.1\Include\um\GL/gl.h(1164): error C4430: missing type specifier - int assumed. Note: C++ does not support default-int
     1>C:\Program Files (x86)\Windows Kits\8.1\Include\um\GL/gl.h(1164): error C2086: 'int WINGDIAPI' : redefinition
                 C:\Program Files (x86)\Windows Kits\8.1\Include\um\GL/gl.h(1157) : see declaration of 'WINGDIAPI'
     1>C:\Program Files (x86)\Windows Kits\8.1\Include\um\GL/gl.h(1164): error C2146: syntax error : missing ';' before identifier 'glBlendFunc'
     1>C:\Program Files (x86)\Windows Kits\8.1\Include\um\GL/gl.h(1164): error C2182: 'APIENTRY' : illegal use of type 'void'
     1>C:\Program Files (x86)\Windows Kits\8.1\Include\um\GL/gl.h(1164): error C2086: 'int APIENTRY' : redefinition
                 C:\Program Files (x86)\Windows Kits\8.1\Include\um\GL/gl.h(1157) : see declaration of 'APIENTRY'
     1>C:\Program Files (x86)\Windows Kits\8.1\Include\um\GL/gl.h(1165): error C2144: syntax error : 'void' should be preceded by ';'
     1>C:\Program Files (x86)\Windows Kits\8.1\Include\um\GL/gl.h(1165): error C4430: missing type specifier - int assumed. Note: C++ does not support default-int
     1>C:\Program Files (x86)\Windows Kits\8.1\Include\um\GL/gl.h(1165): error C2086: 'int WINGDIAPI' : redefinition
                 C:\Program Files (x86)\Windows Kits\8.1\Include\um\GL/gl.h(1157) : see declaration of 'WINGDIAPI'
     1>C:\Program Files (x86)\Windows Kits\8.1\Include\um\GL/gl.h(1165): error C2146: syntax error : missing ';' before identifier 'glCallList'
     1>C:\Program Files (x86)\Windows Kits\8.1\Include\um\GL/gl.h(1165): error C2182: 'APIENTRY' : illegal use of type 'void'
     1>C:\Program Files (x86)\Windows Kits\8.1\Include\um\GL/gl.h(1165): error C2086: 'int APIENTRY' : redefinition
                 C:\Program Files (x86)\Windows Kits\8.1\Include\um\GL/gl.h(1157) : see declaration of 'APIENTRY'
     1>C:\Program Files (x86)\Windows Kits\8.1\Include\um\GL/gl.h(1166): error C2144: syntax error : 'void' should be preceded by ';'
     1>C:\Program Files (x86)\Windows Kits\8.1\Include\um\GL/gl.h(1166): error C4430: missing type specifier - int assumed. Note: C++ does not support default-int
     1>C:\Program Files (x86)\Windows Kits\8.1\Include\um\GL/gl.h(1166): error C2086: 'int WINGDIAPI' : redefinition
                 C:\Program Files (x86)\Windows Kits\8.1\Include\um\GL/gl.h(1157) : see declaration of 'WINGDIAPI'
     1>C:\Program Files (x86)\Windows Kits\8.1\Include\um\GL/gl.h(1166): error C2146: syntax error : missing ';' before identifier 'glCallLists'
     1>C:\Program Files (x86)\Windows Kits\8.1\Include\um\GL/gl.h(1166): error C2182: 'APIENTRY' : illegal use of type 'void'
     1>C:\Program Files (x86)\Windows Kits\8.1\Include\um\GL/gl.h(1166): error C2086: 'int APIENTRY' : redefinition
                 C:\Program Files (x86)\Windows Kits\8.1\Include\um\GL/gl.h(1157) : see declaration of 'APIENTRY'
     1>C:\Program Files (x86)\Windows Kits\8.1\Include\um\GL/gl.h(1167): error C2144: syntax error : 'void' should be preceded by ';'
     1>C:\Program Files (x86)\Windows Kits\8.1\Include\um\GL/gl.h(1167): error C4430: missing type specifier - int assumed. Note: C++ does not support default-int
     1>C:\Program Files (x86)\Windows Kits\8.1\Include\um\GL/gl.h(1167): error C2086: 'int WINGDIAPI' : redefinition
                 C:\Program Files (x86)\Windows Kits\8.1\Include\um\GL/gl.h(1157) : see declaration of 'WINGDIAPI'
     1>C:\Program Files (x86)\Windows Kits\8.1\Include\um\GL/gl.h(1167): error C2146: syntax error : missing ';' before identifier 'glClear'
     1>C:\Program Files (x86)\Windows Kits\8.1\Include\um\GL/gl.h(1167): error C2182: 'APIENTRY' : illegal use of type 'void'
     1>C:\Program Files (x86)\Windows Kits\8.1\Include\um\GL/gl.h(1167): error C2086: 'int APIENTRY' : redefinition
                 C:\Program Files (x86)\Windows Kits\8.1\Include\um\GL/gl.h(1157) : see declaration of 'APIENTRY'
     1>C:\Program Files (x86)\Windows Kits\8.1\Include\um\GL/gl.h(1168): error C2144: syntax error : 'void' should be preceded by ';'
     1>C:\Program Files (x86)\Windows Kits\8.1\Include\um\GL/gl.h(1168): error C4430: missing type specifier - int assumed. Note: C++ does not support default-int
     1>C:\Program Files (x86)\Windows Kits\8.1\Include\um\GL/gl.h(1168): error C2086: 'int WINGDIAPI' : redefinition
                 C:\Program Files (x86)\Windows Kits\8.1\Include\um\GL/gl.h(1157) : see declaration of 'WINGDIAPI'
     1>C:\Program Files (x86)\Windows Kits\8.1\Include\um\GL/gl.h(1168): error C2146: syntax error : missing ';' before identifier 'glClearAccum'
     1>C:\Program Files (x86)\Windows Kits\8.1\Include\um\GL/gl.h(1168): error C2182: 'APIENTRY' : illegal use of type 'void'
     1>C:\Program Files (x86)\Windows Kits\8.1\Include\um\GL/gl.h(1168): error C2086: 'int APIENTRY' : redefinition
                 C:\Program Files (x86)\Windows Kits\8.1\Include\um\GL/gl.h(1157) : see declaration of 'APIENTRY'
     1>C:\Program Files (x86)\Windows Kits\8.1\Include\um\GL/gl.h(1169): error C2144: syntax error : 'void' should be preceded by ';'
     1>C:\Program Files (x86)\Windows Kits\8.1\Include\um\GL/gl.h(1169): error C4430: missing type specifier - int assumed. Note: C++ does not support default-int
     1>C:\Program Files (x86)\Windows Kits\8.1\Include\um\GL/gl.h(1169): error C2086: 'int WINGDIAPI' : redefinition
                 C:\Program Files (x86)\Windows Kits\8.1\Include\um\GL/gl.h(1157) : see declaration of 'WINGDIAPI'
     1>C:\Program Files (x86)\Windows Kits\8.1\Include\um\GL/gl.h(1169): error C2146: syntax error : missing ';' before identifier 'glClearColor'
     1>C:\Program Files (x86)\Windows Kits\8.1\Include\um\GL/gl.h(1169): error C2182: 'APIENTRY' : illegal use of type 'void'
     1>C:\Program Files (x86)\Windows Kits\8.1\Include\um\GL/gl.h(1169): error C2086: 'int APIENTRY' : redefinition
                 C:\Program Files (x86)\Windows Kits\8.1\Include\um\GL/gl.h(1157) : see declaration of 'APIENTRY'
     1>C:\Program Files (x86)\Windows Kits\8.1\Include\um\GL/gl.h(1170): error C2144: syntax error : 'void' should be preceded by ';'
     1>C:\Program Files (x86)\Windows Kits\8.1\Include\um\GL/gl.h(1170): error C4430: missing type specifier - int assumed. Note: C++ does not support default-int
     1>C:\Program Files (x86)\Windows Kits\8.1\Include\um\GL/gl.h(1170): error C2086: 'int WINGDIAPI' : redefinition
                 C:\Program Files (x86)\Windows Kits\8.1\Include\um\GL/gl.h(1157) : see declaration of 'WINGDIAPI'
     1>C:\Program Files (x86)\Windows Kits\8.1\Include\um\GL/gl.h(1170): error C2146: syntax error : missing ';' before identifier 'glClearDepth'
     1>C:\Program Files (x86)\Windows Kits\8.1\Include\um\GL/gl.h(1170): error C2182: 'APIENTRY' : illegal use of type 'void'
     1>C:\Program Files (x86)\Windows Kits\8.1\Include\um\GL/gl.h(1170): error C2086: 'int APIENTRY' : redefinition
                 C:\Program Files (x86)\Windows Kits\8.1\Include\um\GL/gl.h(1157) : see declaration of 'APIENTRY'
     1>C:\Program Files (x86)\Windows Kits\8.1\Include\um\GL/gl.h(1171): error C2144: syntax error : 'void' should be preceded by ';'
     1>C:\Program Files (x86)\Windows Kits\8.1\Include\um\GL/gl.h(1171): error C4430: missing type specifier - int assumed. Note: C++ does not support default-int
     1>C:\Program Files (x86)\Windows Kits\8.1\Include\um\GL/gl.h(1171): error C2086: 'int WINGDIAPI' : redefinition
                 C:\Program Files (x86)\Windows Kits\8.1\Include\um\GL/gl.h(1157) : see declaration of 'WINGDIAPI'
     1>C:\Program Files (x86)\Windows Kits\8.1\Include\um\GL/gl.h(1171): error C2146: syntax error : missing ';' before identifier 'glClearIndex'
     1>C:\Program Files (x86)\Windows Kits\8.1\Include\um\GL/gl.h(1171): error C2182: 'APIENTRY' : illegal use of type 'void'
     1>C:\Program Files (x86)\Windows Kits\8.1\Include\um\GL/gl.h(1171): error C2086: 'int APIENTRY' : redefinition
                 C:\Program Files (x86)\Windows Kits\8.1\Include\um\GL/gl.h(1157) : see declaration of 'APIENTRY'
     1>C:\Program Files (x86)\Windows Kits\8.1\Include\um\GL/gl.h(1172): error C2144: syntax error : 'void' should be preceded by ';'
     1>C:\Program Files (x86)\Windows Kits\8.1\Include\um\GL/gl.h(1172): error C4430: missing type specifier - int assumed. Note: C++ does not support default-int
     1>C:\Program Files (x86)\Windows Kits\8.1\Include\um\GL/gl.h(1172): error C2086: 'int WINGDIAPI' : redefinition
                 C:\Program Files (x86)\Windows Kits\8.1\Include\um\GL/gl.h(1157) : see declaration of 'WINGDIAPI'
     1>C:\Program Files (x86)\Windows Kits\8.1\Include\um\GL/gl.h(1172): error C2146: syntax error : missing ';' before identifier 'glClearStencil'
     1>C:\Program Files (x86)\Windows Kits\8.1\Include\um\GL/gl.h(1172): error C2182: 'APIENTRY' : illegal use of type 'void'
     1>C:\Program Files (x86)\Windows Kits\8.1\Include\um\GL/gl.h(1172): error C2086: 'int APIENTRY' : redefinition
                 C:\Program Files (x86)\Windows Kits\8.1\Include\um\GL/gl.h(1157) : see declaration of 'APIENTRY'
     1>C:\Program Files (x86)\Windows Kits\8.1\Include\um\GL/gl.h(1173): error C2144: syntax error : 'void' should be preceded by ';'
     1>C:\Program Files (x86)\Windows Kits\8.1\Include\um\GL/gl.h(1173): error C4430: missing type specifier - int assumed. Note: C++ does not support default-int
     1>C:\Program Files (x86)\Windows Kits\8.1\Include\um\GL/gl.h(1173): error C2086: 'int WINGDIAPI' : redefinition
                 C:\Program Files (x86)\Windows Kits\8.1\Include\um\GL/gl.h(1157) : see declaration of 'WINGDIAPI'
     1>C:\Program Files (x86)\Windows Kits\8.1\Include\um\GL/gl.h(1173): error C2146: syntax error : missing ';' before identifier 'glClipPlane'
     1>C:\Program Files (x86)\Windows Kits\8.1\Include\um\GL/gl.h(1173): error C2182: 'APIENTRY' : illegal use of type 'void'
     1>C:\Program Files (x86)\Windows Kits\8.1\Include\um\GL/gl.h(1173): error C2086: 'int APIENTRY' : redefinition
                 C:\Program Files (x86)\Windows Kits\8.1\Include\um\GL/gl.h(1157) : see declaration of 'APIENTRY'
     1>C:\Program Files (x86)\Windows Kits\8.1\Include\um\GL/gl.h(1174): error C2144: syntax error : 'void' should be preceded by ';'
     1>C:\Program Files (x86)\Windows Kits\8.1\Include\um\GL/gl.h(1174): error C4430: missing type specifier - int assumed. Note: C++ does not support default-int
     1>C:\Program Files (x86)\Windows Kits\8.1\Include\um\GL/gl.h(1174): error C2086: 'int WINGDIAPI' : redefinition
                 C:\Program Files (x86)\Windows Kits\8.1\Include\um\GL/gl.h(1157) : see declaration of 'WINGDIAPI'
     1>C:\Program Files (x86)\Windows Kits\8.1\Include\um\GL/gl.h(1174): error C2146: syntax error : missing ';' before identifier 'glColor3b'
     1>C:\Program Files (x86)\Windows Kits\8.1\Include\um\GL/gl.h(1174): error C2182: 'APIENTRY' : illegal use of type 'void'
     1>C:\Program Files (x86)\Windows Kits\8.1\Include\um\GL/gl.h(1174): error C2086: 'int APIENTRY' : redefinition
                 C:\Program Files (x86)\Windows Kits\8.1\Include\um\GL/gl.h(1157) : see declaration of 'APIENTRY'
     1>C:\Program Files (x86)\Windows Kits\8.1\Include\um\GL/gl.h(1175): error C2144: syntax error : 'void' should be preceded by ';'
     1>C:\Program Files (x86)\Windows Kits\8.1\Include\um\GL/gl.h(1175): error C4430: missing type specifier - int assumed. Note: C++ does not support default-int
     1>C:\Program Files (x86)\Windows Kits\8.1\Include\um\GL/gl.h(1175): error C2086: 'int WINGDIAPI' : redefinition
                 C:\Program Files (x86)\Windows Kits\8.1\Include\um\GL/gl.h(1157) : see declaration of 'WINGDIAPI'
     1>C:\Program Files (x86)\Windows Kits\8.1\Include\um\GL/gl.h(1175): error C2146: syntax error : missing ';' before identifier 'glColor3bv'
     1>C:\Program Files (x86)\Windows Kits\8.1\Include\um\GL/gl.h(1175): error C2182: 'APIENTRY' : illegal use of type 'void'
     1>C:\Program Files (x86)\Windows Kits\8.1\Include\um\GL/gl.h(1175): error C2086: 'int APIENTRY' : redefinition
                 C:\Program Files (x86)\Windows Kits\8.1\Include\um\GL/gl.h(1157) : see declaration of 'APIENTRY'
     1>C:\Program Files (x86)\Windows Kits\8.1\Include\um\GL/gl.h(1176): error C2144: syntax error : 'void' should be preceded by ';'
     1>C:\Program Files (x86)\Windows Kits\8.1\Include\um\GL/gl.h(1176): error C4430: missing type specifier - int assumed. Note: C++ does not support default-int
     1>C:\Program Files (x86)\Windows Kits\8.1\Include\um\GL/gl.h(1176): error C2086: 'int WINGDIAPI' : redefinition
                 C:\Program Files (x86)\Windows Kits\8.1\Include\um\GL/gl.h(1157) : see declaration of 'WINGDIAPI'
     1>C:\Program Files (x86)\Windows Kits\8.1\Include\um\GL/gl.h(1176): error C2146: syntax error : missing ';' before identifier 'glColor3d'
     1>C:\Program Files (x86)\Windows Kits\8.1\Include\um\GL/gl.h(1176): error C2182: 'APIENTRY' : illegal use of type 'void'
     1>C:\Program Files (x86)\Windows Kits\8.1\Include\um\GL/gl.h(1176): error C2086: 'int APIENTRY' : redefinition
                 C:\Program Files (x86)\Windows Kits\8.1\Include\um\GL/gl.h(1157) : see declaration of 'APIENTRY'
     1>C:\Program Files (x86)\Windows Kits\8.1\Include\um\GL/gl.h(1177): error C2144: syntax error : 'void' should be preceded by ';'
     1>C:\Program Files (x86)\Windows Kits\8.1\Include\um\GL/gl.h(1177): error C4430: missing type specifier - int assumed. Note: C++ does not support default-int
     1>C:\Program Files (x86)\Windows Kits\8.1\Include\um\GL/gl.h(1177): error C2086: 'int WINGDIAPI' : redefinition
                 C:\Program Files (x86)\Windows Kits\8.1\Include\um\GL/gl.h(1157) : see declaration of 'WINGDIAPI'
     1>C:\Program Files (x86)\Windows Kits\8.1\Include\um\GL/gl.h(1177): error C2146: syntax error : missing ';' before identifier 'glColor3dv'
     1>C:\Program Files (x86)\Windows Kits\8.1\Include\um\GL/gl.h(1177): error C2182: 'APIENTRY' : illegal use of type 'void'
     1>C:\Program Files (x86)\Windows Kits\8.1\Include\um\GL/gl.h(1177): fatal error C1003: error count exceeds 100; stopping compilation
         util.cpp
     1>C:\Program Files (x86)\Windows Kits\8.1\Include\um\GL/gl.h(1157): error C2144: syntax error : 'void' should be preceded by ';'
     1>C:\Program Files (x86)\Windows Kits\8.1\Include\um\GL/gl.h(1157): error C4430: missing type specifier - int assumed. Note: C++ does not support default-int
     1>C:\Program Files (x86)\Windows Kits\8.1\Include\um\GL/gl.h(1157): error C2146: syntax error : missing ';' before identifier 'glAccum'
     1>C:\Program Files (x86)\Windows Kits\8.1\Include\um\GL/gl.h(1157): error C2182: 'APIENTRY' : illegal use of type 'void'
     1>C:\Program Files (x86)\Windows Kits\8.1\Include\um\GL/gl.h(1158): error C2144: syntax error : 'void' should be preceded by ';'
     1>C:\Program Files (x86)\Windows Kits\8.1\Include\um\GL/gl.h(1158): error C4430: missing type specifier - int assumed. Note: C++ does not support default-int
     1>C:\Program Files (x86)\Windows Kits\8.1\Include\um\GL/gl.h(1158): error C2086: 'int WINGDIAPI' : redefinition
                 C:\Program Files (x86)\Windows Kits\8.1\Include\um\GL/gl.h(1157) : see declaration of 'WINGDIAPI'
     1>C:\Program Files (x86)\Windows Kits\8.1\Include\um\GL/gl.h(1158): error C2146: syntax error : missing ';' before identifier 'glAlphaFunc'
     1>C:\Program Files (x86)\Windows Kits\8.1\Include\um\GL/gl.h(1158): error C2182: 'APIENTRY' : illegal use of type 'void'
     1>C:\Program Files (x86)\Windows Kits\8.1\Include\um\GL/gl.h(1158): error C2086: 'int APIENTRY' : redefinition
                 C:\Program Files (x86)\Windows Kits\8.1\Include\um\GL/gl.h(1157) : see declaration of 'APIENTRY'
     1>C:\Program Files (x86)\Windows Kits\8.1\Include\um\GL/gl.h(1159): error C2146: syntax error : missing ';' before identifier 'GLboolean'
     1>C:\Program Files (x86)\Windows Kits\8.1\Include\um\GL/gl.h(1159): error C4430: missing type specifier - int assumed. Note: C++ does not support default-int
     1>C:\Program Files (x86)\Windows Kits\8.1\Include\um\GL/gl.h(1159): error C2086: 'int WINGDIAPI' : redefinition
                 C:\Program Files (x86)\Windows Kits\8.1\Include\um\GL/gl.h(1157) : see declaration of 'WINGDIAPI'
     1>C:\Program Files (x86)\Windows Kits\8.1\Include\um\GL/gl.h(1159): error C2146: syntax error : missing ';' before identifier 'glAreTexturesResident'
     1>C:\Program Files (x86)\Windows Kits\8.1\Include\um\GL/gl.h(1159): error C2371: 'APIENTRY' : redefinition; different basic types
                 C:\Program Files (x86)\Windows Kits\8.1\Include\um\GL/gl.h(1157) : see declaration of 'APIENTRY'
     1>C:\Program Files (x86)\Windows Kits\8.1\Include\um\GL/gl.h(1160): error C2144: syntax error : 'void' should be preceded by ';'
     1>C:\Program Files (x86)\Windows Kits\8.1\Include\um\GL/gl.h(1160): error C4430: missing type specifier - int assumed. Note: C++ does not support default-int
     1>C:\Program Files (x86)\Windows Kits\8.1\Include\um\GL/gl.h(1160): error C2086: 'int WINGDIAPI' : redefinition
                 C:\Program Files (x86)\Windows Kits\8.1\Include\um\GL/gl.h(1157) : see declaration of 'WINGDIAPI'
     1>C:\Program Files (x86)\Windows Kits\8.1\Include\um\GL/gl.h(1160): error C2146: syntax error : missing ';' before identifier 'glArrayElement'
     1>C:\Program Files (x86)\Windows Kits\8.1\Include\um\GL/gl.h(1160): error C2182: 'APIENTRY' : illegal use of type 'void'
     1>C:\Program Files (x86)\Windows Kits\8.1\Include\um\GL/gl.h(1160): error C2086: 'int APIENTRY' : redefinition
                 C:\Program Files (x86)\Windows Kits\8.1\Include\um\GL/gl.h(1157) : see declaration of 'APIENTRY'
     1>C:\Program Files (x86)\Windows Kits\8.1\Include\um\GL/gl.h(1161): error C2144: syntax error : 'void' should be preceded by ';'
     1>C:\Program Files (x86)\Windows Kits\8.1\Include\um\GL/gl.h(1161): error C4430: missing type specifier - int assumed. Note: C++ does not support default-int
     1>C:\Program Files (x86)\Windows Kits\8.1\Include\um\GL/gl.h(1161): error C2086: 'int WINGDIAPI' : redefinition
                 C:\Program Files (x86)\Windows Kits\8.1\Include\um\GL/gl.h(1157) : see declaration of 'WINGDIAPI'
     1>C:\Program Files (x86)\Windows Kits\8.1\Include\um\GL/gl.h(1161): error C2146: syntax error : missing ';' before identifier 'glBegin'
     1>C:\Program Files (x86)\Windows Kits\8.1\Include\um\GL/gl.h(1161): error C2182: 'APIENTRY' : illegal use of type 'void'
     1>C:\Program Files (x86)\Windows Kits\8.1\Include\um\GL/gl.h(1161): error C2086: 'int APIENTRY' : redefinition
                 C:\Program Files (x86)\Windows Kits\8.1\Include\um\GL/gl.h(1157) : see declaration of 'APIENTRY'
     1>C:\Program Files (x86)\Windows Kits\8.1\Include\um\GL/gl.h(1162): error C2144: syntax error : 'void' should be preceded by ';'
     1>C:\Program Files (x86)\Windows Kits\8.1\Include\um\GL/gl.h(1162): error C4430: missing type specifier - int assumed. Note: C++ does not support default-int
     1>C:\Program Files (x86)\Windows Kits\8.1\Include\um\GL/gl.h(1162): error C2086: 'int WINGDIAPI' : redefinition
                 C:\Program Files (x86)\Windows Kits\8.1\Include\um\GL/gl.h(1157) : see declaration of 'WINGDIAPI'
     1>C:\Program Files (x86)\Windows Kits\8.1\Include\um\GL/gl.h(1162): error C2146: syntax error : missing ';' before identifier 'glBindTexture'
     1>C:\Program Files (x86)\Windows Kits\8.1\Include\um\GL/gl.h(1162): error C2182: 'APIENTRY' : illegal use of type 'void'
     1>C:\Program Files (x86)\Windows Kits\8.1\Include\um\GL/gl.h(1162): error C2086: 'int APIENTRY' : redefinition
                 C:\Program Files (x86)\Windows Kits\8.1\Include\um\GL/gl.h(1157) : see declaration of 'APIENTRY'
     1>C:\Program Files (x86)\Windows Kits\8.1\Include\um\GL/gl.h(1163): error C2144: syntax error : 'void' should be preceded by ';'
     1>C:\Program Files (x86)\Windows Kits\8.1\Include\um\GL/gl.h(1163): error C4430: missing type specifier - int assumed. Note: C++ does not support default-int
     1>C:\Program Files (x86)\Windows Kits\8.1\Include\um\GL/gl.h(1163): error C2086: 'int WINGDIAPI' : redefinition
                 C:\Program Files (x86)\Windows Kits\8.1\Include\um\GL/gl.h(1157) : see declaration of 'WINGDIAPI'
     1>C:\Program Files (x86)\Windows Kits\8.1\Include\um\GL/gl.h(1163): error C2146: syntax error : missing ';' before identifier 'glBitmap'
     1>C:\Program Files (x86)\Windows Kits\8.1\Include\um\GL/gl.h(1163): error C2182: 'APIENTRY' : illegal use of type 'void'
     1>C:\Program Files (x86)\Windows Kits\8.1\Include\um\GL/gl.h(1163): error C2086: 'int APIENTRY' : redefinition
                 C:\Program Files (x86)\Windows Kits\8.1\Include\um\GL/gl.h(1157) : see declaration of 'APIENTRY'
     1>C:\Program Files (x86)\Windows Kits\8.1\Include\um\GL/gl.h(1164): error C2144: syntax error : 'void' should be preceded by ';'
     1>C:\Program Files (x86)\Windows Kits\8.1\Include\um\GL/gl.h(1164): error C4430: missing type specifier - int assumed. Note: C++ does not support default-int
     1>C:\Program Files (x86)\Windows Kits\8.1\Include\um\GL/gl.h(1164): error C2086: 'int WINGDIAPI' : redefinition
                 C:\Program Files (x86)\Windows Kits\8.1\Include\um\GL/gl.h(1157) : see declaration of 'WINGDIAPI'
     1>C:\Program Files (x86)\Windows Kits\8.1\Include\um\GL/gl.h(1164): error C2146: syntax error : missing ';' before identifier 'glBlendFunc'
     1>C:\Program Files (x86)\Windows Kits\8.1\Include\um\GL/gl.h(1164): error C2182: 'APIENTRY' : illegal use of type 'void'
     1>C:\Program Files (x86)\Windows Kits\8.1\Include\um\GL/gl.h(1164): error C2086: 'int APIENTRY' : redefinition
                 C:\Program Files (x86)\Windows Kits\8.1\Include\um\GL/gl.h(1157) : see declaration of 'APIENTRY'
     1>C:\Program Files (x86)\Windows Kits\8.1\Include\um\GL/gl.h(1165): error C2144: syntax error : 'void' should be preceded by ';'
     1>C:\Program Files (x86)\Windows Kits\8.1\Include\um\GL/gl.h(1165): error C4430: missing type specifier - int assumed. Note: C++ does not support default-int
     1>C:\Program Files (x86)\Windows Kits\8.1\Include\um\GL/gl.h(1165): error C2086: 'int WINGDIAPI' : redefinition
                 C:\Program Files (x86)\Windows Kits\8.1\Include\um\GL/gl.h(1157) : see declaration of 'WINGDIAPI'
     1>C:\Program Files (x86)\Windows Kits\8.1\Include\um\GL/gl.h(1165): error C2146: syntax error : missing ';' before identifier 'glCallList'
     1>C:\Program Files (x86)\Windows Kits\8.1\Include\um\GL/gl.h(1165): error C2182: 'APIENTRY' : illegal use of type 'void'
     1>C:\Program Files (x86)\Windows Kits\8.1\Include\um\GL/gl.h(1165): error C2086: 'int APIENTRY' : redefinition
                 C:\Program Files (x86)\Windows Kits\8.1\Include\um\GL/gl.h(1157) : see declaration of 'APIENTRY'
     1>C:\Program Files (x86)\Windows Kits\8.1\Include\um\GL/gl.h(1166): error C2144: syntax error : 'void' should be preceded by ';'
     1>C:\Program Files (x86)\Windows Kits\8.1\Include\um\GL/gl.h(1166): error C4430: missing type specifier - int assumed. Note: C++ does not support default-int
     1>C:\Program Files (x86)\Windows Kits\8.1\Include\um\GL/gl.h(1166): error C2086: 'int WINGDIAPI' : redefinition
                 C:\Program Files (x86)\Windows Kits\8.1\Include\um\GL/gl.h(1157) : see declaration of 'WINGDIAPI'
     1>C:\Program Files (x86)\Windows Kits\8.1\Include\um\GL/gl.h(1166): error C2146: syntax error : missing ';' before identifier 'glCallLists'
     1>C:\Program Files (x86)\Windows Kits\8.1\Include\um\GL/gl.h(1166): error C2182: 'APIENTRY' : illegal use of type 'void'
     1>C:\Program Files (x86)\Windows Kits\8.1\Include\um\GL/gl.h(1166): error C2086: 'int APIENTRY' : redefinition
                 C:\Program Files (x86)\Windows Kits\8.1\Include\um\GL/gl.h(1157) : see declaration of 'APIENTRY'
     1>C:\Program Files (x86)\Windows Kits\8.1\Include\um\GL/gl.h(1167): error C2144: syntax error : 'void' should be preceded by ';'
     1>C:\Program Files (x86)\Windows Kits\8.1\Include\um\GL/gl.h(1167): error C4430: missing type specifier - int assumed. Note: C++ does not support default-int
     1>C:\Program Files (x86)\Windows Kits\8.1\Include\um\GL/gl.h(1167): error C2086: 'int WINGDIAPI' : redefinition
                 C:\Program Files (x86)\Windows Kits\8.1\Include\um\GL/gl.h(1157) : see declaration of 'WINGDIAPI'
     1>C:\Program Files (x86)\Windows Kits\8.1\Include\um\GL/gl.h(1167): error C2146: syntax error : missing ';' before identifier 'glClear'
     1>C:\Program Files (x86)\Windows Kits\8.1\Include\um\GL/gl.h(1167): error C2182: 'APIENTRY' : illegal use of type 'void'
     1>C:\Program Files (x86)\Windows Kits\8.1\Include\um\GL/gl.h(1167): error C2086: 'int APIENTRY' : redefinition
                 C:\Program Files (x86)\Windows Kits\8.1\Include\um\GL/gl.h(1157) : see declaration of 'APIENTRY'
     1>C:\Program Files (x86)\Windows Kits\8.1\Include\um\GL/gl.h(1168): error C2144: syntax error : 'void' should be preceded by ';'
     1>C:\Program Files (x86)\Windows Kits\8.1\Include\um\GL/gl.h(1168): error C4430: missing type specifier - int assumed. Note: C++ does not support default-int
     1>C:\Program Files (x86)\Windows Kits\8.1\Include\um\GL/gl.h(1168): error C2086: 'int WINGDIAPI' : redefinition
                 C:\Program Files (x86)\Windows Kits\8.1\Include\um\GL/gl.h(1157) : see declaration of 'WINGDIAPI'
     1>C:\Program Files (x86)\Windows Kits\8.1\Include\um\GL/gl.h(1168): error C2146: syntax error : missing ';' before identifier 'glClearAccum'
     1>C:\Program Files (x86)\Windows Kits\8.1\Include\um\GL/gl.h(1168): error C2182: 'APIENTRY' : illegal use of type 'void'
     1>C:\Program Files (x86)\Windows Kits\8.1\Include\um\GL/gl.h(1168): error C2086: 'int APIENTRY' : redefinition
                 C:\Program Files (x86)\Windows Kits\8.1\Include\um\GL/gl.h(1157) : see declaration of 'APIENTRY'
     1>C:\Program Files (x86)\Windows Kits\8.1\Include\um\GL/gl.h(1169): error C2144: syntax error : 'void' should be preceded by ';'
     1>C:\Program Files (x86)\Windows Kits\8.1\Include\um\GL/gl.h(1169): error C4430: missing type specifier - int assumed. Note: C++ does not support default-int
     1>C:\Program Files (x86)\Windows Kits\8.1\Include\um\GL/gl.h(1169): error C2086: 'int WINGDIAPI' : redefinition
                 C:\Program Files (x86)\Windows Kits\8.1\Include\um\GL/gl.h(1157) : see declaration of 'WINGDIAPI'
     1>C:\Program Files (x86)\Windows Kits\8.1\Include\um\GL/gl.h(1169): error C2146: syntax error : missing ';' before identifier 'glClearColor'
     1>C:\Program Files (x86)\Windows Kits\8.1\Include\um\GL/gl.h(1169): error C2182: 'APIENTRY' : illegal use of type 'void'
     1>C:\Program Files (x86)\Windows Kits\8.1\Include\um\GL/gl.h(1169): error C2086: 'int APIENTRY' : redefinition
                 C:\Program Files (x86)\Windows Kits\8.1\Include\um\GL/gl.h(1157) : see declaration of 'APIENTRY'
     1>C:\Program Files (x86)\Windows Kits\8.1\Include\um\GL/gl.h(1170): error C2144: syntax error : 'void' should be preceded by ';'
     1>C:\Program Files (x86)\Windows Kits\8.1\Include\um\GL/gl.h(1170): error C4430: missing type specifier - int assumed. Note: C++ does not support default-int
     1>C:\Program Files (x86)\Windows Kits\8.1\Include\um\GL/gl.h(1170): error C2086: 'int WINGDIAPI' : redefinition
                 C:\Program Files (x86)\Windows Kits\8.1\Include\um\GL/gl.h(1157) : see declaration of 'WINGDIAPI'
     1>C:\Program Files (x86)\Windows Kits\8.1\Include\um\GL/gl.h(1170): error C2146: syntax error : missing ';' before identifier 'glClearDepth'
     1>C:\Program Files (x86)\Windows Kits\8.1\Include\um\GL/gl.h(1170): error C2182: 'APIENTRY' : illegal use of type 'void'
     1>C:\Program Files (x86)\Windows Kits\8.1\Include\um\GL/gl.h(1170): error C2086: 'int APIENTRY' : redefinition
                 C:\Program Files (x86)\Windows Kits\8.1\Include\um\GL/gl.h(1157) : see declaration of 'APIENTRY'
     1>C:\Program Files (x86)\Windows Kits\8.1\Include\um\GL/gl.h(1171): error C2144: syntax error : 'void' should be preceded by ';'
     1>C:\Program Files (x86)\Windows Kits\8.1\Include\um\GL/gl.h(1171): error C4430: missing type specifier - int assumed. Note: C++ does not support default-int
     1>C:\Program Files (x86)\Windows Kits\8.1\Include\um\GL/gl.h(1171): error C2086: 'int WINGDIAPI' : redefinition
                 C:\Program Files (x86)\Windows Kits\8.1\Include\um\GL/gl.h(1157) : see declaration of 'WINGDIAPI'
     1>C:\Program Files (x86)\Windows Kits\8.1\Include\um\GL/gl.h(1171): error C2146: syntax error : missing ';' before identifier 'glClearIndex'
     1>C:\Program Files (x86)\Windows Kits\8.1\Include\um\GL/gl.h(1171): error C2182: 'APIENTRY' : illegal use of type 'void'
     1>C:\Program Files (x86)\Windows Kits\8.1\Include\um\GL/gl.h(1171): error C2086: 'int APIENTRY' : redefinition
                 C:\Program Files (x86)\Windows Kits\8.1\Include\um\GL/gl.h(1157) : see declaration of 'APIENTRY'
     1>C:\Program Files (x86)\Windows Kits\8.1\Include\um\GL/gl.h(1172): error C2144: syntax error : 'void' should be preceded by ';'
     1>C:\Program Files (x86)\Windows Kits\8.1\Include\um\GL/gl.h(1172): error C4430: missing type specifier - int assumed. Note: C++ does not support default-int
     1>C:\Program Files (x86)\Windows Kits\8.1\Include\um\GL/gl.h(1172): error C2086: 'int WINGDIAPI' : redefinition
                 C:\Program Files (x86)\Windows Kits\8.1\Include\um\GL/gl.h(1157) : see declaration of 'WINGDIAPI'
     1>C:\Program Files (x86)\Windows Kits\8.1\Include\um\GL/gl.h(1172): error C2146: syntax error : missing ';' before identifier 'glClearStencil'
     1>C:\Program Files (x86)\Windows Kits\8.1\Include\um\GL/gl.h(1172): error C2182: 'APIENTRY' : illegal use of type 'void'
     1>C:\Program Files (x86)\Windows Kits\8.1\Include\um\GL/gl.h(1172): error C2086: 'int APIENTRY' : redefinition
                 C:\Program Files (x86)\Windows Kits\8.1\Include\um\GL/gl.h(1157) : see declaration of 'APIENTRY'
     1>C:\Program Files (x86)\Windows Kits\8.1\Include\um\GL/gl.h(1173): error C2144: syntax error : 'void' should be preceded by ';'
     1>C:\Program Files (x86)\Windows Kits\8.1\Include\um\GL/gl.h(1173): error C4430: missing type specifier - int assumed. Note: C++ does not support default-int
     1>C:\Program Files (x86)\Windows Kits\8.1\Include\um\GL/gl.h(1173): error C2086: 'int WINGDIAPI' : redefinition
                 C:\Program Files (x86)\Windows Kits\8.1\Include\um\GL/gl.h(1157) : see declaration of 'WINGDIAPI'
     1>C:\Program Files (x86)\Windows Kits\8.1\Include\um\GL/gl.h(1173): error C2146: syntax error : missing ';' before identifier 'glClipPlane'
     1>C:\Program Files (x86)\Windows Kits\8.1\Include\um\GL/gl.h(1173): error C2182: 'APIENTRY' : illegal use of type 'void'
     1>C:\Program Files (x86)\Windows Kits\8.1\Include\um\GL/gl.h(1173): error C2086: 'int APIENTRY' : redefinition
                 C:\Program Files (x86)\Windows Kits\8.1\Include\um\GL/gl.h(1157) : see declaration of 'APIENTRY'
     1>C:\Program Files (x86)\Windows Kits\8.1\Include\um\GL/gl.h(1174): error C2144: syntax error : 'void' should be preceded by ';'
     1>C:\Program Files (x86)\Windows Kits\8.1\Include\um\GL/gl.h(1174): error C4430: missing type specifier - int assumed. Note: C++ does not support default-int
     1>C:\Program Files (x86)\Windows Kits\8.1\Include\um\GL/gl.h(1174): error C2086: 'int WINGDIAPI' : redefinition
                 C:\Program Files (x86)\Windows Kits\8.1\Include\um\GL/gl.h(1157) : see declaration of 'WINGDIAPI'
     1>C:\Program Files (x86)\Windows Kits\8.1\Include\um\GL/gl.h(1174): error C2146: syntax error : missing ';' before identifier 'glColor3b'
     1>C:\Program Files (x86)\Windows Kits\8.1\Include\um\GL/gl.h(1174): error C2182: 'APIENTRY' : illegal use of type 'void'
     1>C:\Program Files (x86)\Windows Kits\8.1\Include\um\GL/gl.h(1174): error C2086: 'int APIENTRY' : redefinition
                 C:\Program Files (x86)\Windows Kits\8.1\Include\um\GL/gl.h(1157) : see declaration of 'APIENTRY'
     1>C:\Program Files (x86)\Windows Kits\8.1\Include\um\GL/gl.h(1175): error C2144: syntax error : 'void' should be preceded by ';'
     1>C:\Program Files (x86)\Windows Kits\8.1\Include\um\GL/gl.h(1175): error C4430: missing type specifier - int assumed. Note: C++ does not support default-int
     1>C:\Program Files (x86)\Windows Kits\8.1\Include\um\GL/gl.h(1175): error C2086: 'int WINGDIAPI' : redefinition
                 C:\Program Files (x86)\Windows Kits\8.1\Include\um\GL/gl.h(1157) : see declaration of 'WINGDIAPI'
     1>C:\Program Files (x86)\Windows Kits\8.1\Include\um\GL/gl.h(1175): error C2146: syntax error : missing ';' before identifier 'glColor3bv'
     1>C:\Program Files (x86)\Windows Kits\8.1\Include\um\GL/gl.h(1175): error C2182: 'APIENTRY' : illegal use of type 'void'
     1>C:\Program Files (x86)\Windows Kits\8.1\Include\um\GL/gl.h(1175): error C2086: 'int APIENTRY' : redefinition
                 C:\Program Files (x86)\Windows Kits\8.1\Include\um\GL/gl.h(1157) : see declaration of 'APIENTRY'
     1>C:\Program Files (x86)\Windows Kits\8.1\Include\um\GL/gl.h(1176): error C2144: syntax error : 'void' should be preceded by ';'
     1>C:\Program Files (x86)\Windows Kits\8.1\Include\um\GL/gl.h(1176): error C4430: missing type specifier - int assumed. Note: C++ does not support default-int
     1>C:\Program Files (x86)\Windows Kits\8.1\Include\um\GL/gl.h(1176): error C2086: 'int WINGDIAPI' : redefinition
                 C:\Program Files (x86)\Windows Kits\8.1\Include\um\GL/gl.h(1157) : see declaration of 'WINGDIAPI'
     1>C:\Program Files (x86)\Windows Kits\8.1\Include\um\GL/gl.h(1176): error C2146: syntax error : missing ';' before identifier 'glColor3d'
     1>C:\Program Files (x86)\Windows Kits\8.1\Include\um\GL/gl.h(1176): error C2182: 'APIENTRY' : illegal use of type 'void'
     1>C:\Program Files (x86)\Windows Kits\8.1\Include\um\GL/gl.h(1176): error C2086: 'int APIENTRY' : redefinition
                 C:\Program Files (x86)\Windows Kits\8.1\Include\um\GL/gl.h(1157) : see declaration of 'APIENTRY'
     1>C:\Program Files (x86)\Windows Kits\8.1\Include\um\GL/gl.h(1177): error C2144: syntax error : 'void' should be preceded by ';'
     1>C:\Program Files (x86)\Windows Kits\8.1\Include\um\GL/gl.h(1177): error C4430: missing type specifier - int assumed. Note: C++ does not support default-int
     1>C:\Program Files (x86)\Windows Kits\8.1\Include\um\GL/gl.h(1177): error C2086: 'int WINGDIAPI' : redefinition
                 C:\Program Files (x86)\Windows Kits\8.1\Include\um\GL/gl.h(1157) : see declaration of 'WINGDIAPI'
     1>C:\Program Files (x86)\Windows Kits\8.1\Include\um\GL/gl.h(1177): error C2146: syntax error : missing ';' before identifier 'glColor3dv'
     1>C:\Program Files (x86)\Windows Kits\8.1\Include\um\GL/gl.h(1177): error C2182: 'APIENTRY' : illegal use of type 'void'
     1>C:\Program Files (x86)\Windows Kits\8.1\Include\um\GL/gl.h(1177): fatal error C1003: error count exceeds 100; stopping compilation
     1>Done Building Project "C:\Users\Sulaiman\Documents\Documents\FAST - ITC & ITC Lab\bslayer-Visual-Studio-2013\hw0-windows\hw0-windows.vcxproj" (Build target(s)) -- FAILED.

Build FAILED.

Time Elapsed 00:00:00.19
